Markets Today: [08-Jul-2011 12:07:51] - Opening MarketsToday database..
Markets Today: [08-Jul-2011 12:07:51] - qml/OfflineStorage
Markets Today: [08-Jul-2011 12:12:31] - Opening MarketsToday database..
Markets Today: [08-Jul-2011 12:12:31] - qml/OfflineStorage
Markets Today: [08-Jul-2011 12:13:15] - Opening MarketsToday database..
Markets Today: [08-Jul-2011 12:13:15] - Opening MarketsToday database..
Markets Today: [08-Jul-2011 12:13:15] - Fetched 0 rows
Markets Today: [08-Jul-2011 12:13:30] - Adding symbol VTI
Markets Today: [08-Jul-2011 12:13:30] - SQL> INSERT OR REPLACE INTO tickers VALUES (VTI)
Markets Today: [08-Jul-2011 12:13:30] - Opening MarketsToday database..
Markets Today: [08-Jul-2011 12:13:30] - Opened MarketsToday database..
Markets Today: [08-Jul-2011 12:13:30] - Inserted/replaced 1 rows
Markets Today: [08-Jul-2011 12:13:30] - Result is OK
Markets Today: [08-Jul-2011 12:13:38] - Adding symbol VEU
Markets Today: [08-Jul-2011 12:13:38] - SQL> INSERT OR REPLACE INTO tickers VALUES (VEU)
Markets Today: [08-Jul-2011 12:13:38] - Opening MarketsToday database..
Markets Today: [08-Jul-2011 12:13:38] - Opened MarketsToday database..
Markets Today: [08-Jul-2011 12:13:38] - Inserted/replaced 1 rows
Markets Today: [08-Jul-2011 12:13:38] - Result is OK
Markets Today: [08-Jul-2011 12:13:47] - Adding symbol VWO
Markets Today: [08-Jul-2011 12:13:47] - SQL> INSERT OR REPLACE INTO tickers VALUES (VWO)
Markets Today: [08-Jul-2011 12:13:47] - Opening MarketsToday database..
Markets Today: [08-Jul-2011 12:13:47] - Opened MarketsToday database..
Markets Today: [08-Jul-2011 12:13:47] - Inserted/replaced 1 rows
Markets Today: [08-Jul-2011 12:13:47] - Result is OK
Markets Today: [08-Jul-2011 12:13:53] - Adding symbol BND
Markets Today: [08-Jul-2011 12:13:53] - SQL> INSERT OR REPLACE INTO tickers VALUES (BND)
Markets Today: [08-Jul-2011 12:13:53] - Opening MarketsToday database..
Markets Today: [08-Jul-2011 12:13:53] - Opened MarketsToday database..
Markets Today: [08-Jul-2011 12:13:53] - Inserted/replaced 1 rows
Markets Today: [08-Jul-2011 12:13:53] - Result is OK
Markets Today: [08-Jul-2011 12:14:02] - Adding symbol VGSIX
Markets Today: [08-Jul-2011 12:14:02] - SQL> INSERT OR REPLACE INTO tickers VALUES (VGSIX)
Markets Today: [08-Jul-2011 12:14:02] - Opening MarketsToday database..
Markets Today: [08-Jul-2011 12:14:02] - Opened MarketsToday database..
Markets Today: [08-Jul-2011 12:14:02] - Inserted/replaced 1 rows
Markets Today: [08-Jul-2011 12:14:02] - Result is OK
Markets Today: [08-Jul-2011 12:14:04] - Return pressed
Markets Today: [08-Jul-2011 12:14:04] - Error: Invalid symbol 
Markets Today: [08-Jul-2011 12:14:07] - Return pressed
Markets Today: [08-Jul-2011 12:14:07] - Error: Invalid symbol 
Markets Today: [08-Jul-2011 12:14:23] - Opening MarketsToday database..
Markets Today: [08-Jul-2011 12:14:23] - Opening MarketsToday database..
Markets Today: [08-Jul-2011 12:14:23] - Opening MarketsToday database..
Markets Today: [08-Jul-2011 12:14:23] - Opening MarketsToday database..
Markets Today: [08-Jul-2011 12:14:46] - Saving settings
Markets Today: [08-Jul-2011 12:14:46] - Opening MarketsToday database..
Markets Today: [08-Jul-2011 12:14:46] - Updated UpdateFreqency to 1
Markets Today: [08-Jul-2011 12:14:46] - Opening MarketsToday database..
Markets Today: [08-Jul-2011 12:14:46] - Updated UpdateWeekdaysOnly to 0
Markets Today: [08-Jul-2011 12:14:46] - Opening MarketsToday database..
Markets Today: [08-Jul-2011 12:14:46] - Updated UpdateOnSavedNetworksOnly to 0
Markets Today: [08-Jul-2011 12:14:49] - Config window is closed
Markets Today: [08-Jul-2011 12:14:49] - Opening MarketsToday database..
Markets Today: [08-Jul-2011 12:14:49] - UpdateFreqency is 1
Markets Today: [08-Jul-2011 12:14:49] - Opening MarketsToday database..
Markets Today: [08-Jul-2011 12:14:49] - UpdateWeekdaysOnly is 0.0
Markets Today: [08-Jul-2011 12:14:49] - Opening MarketsToday database..
Markets Today: [08-Jul-2011 12:14:49] - UpdateOnSavedNetworksOnly is 0.0
Markets Today: [08-Jul-2011 12:14:49] - Opening MarketsToday database..
Markets Today: [08-Jul-2011 12:14:49] - Fetched 5 rows
Markets Today: [08-Jul-2011 12:14:49] - Appending VTI to Query
Markets Today: [08-Jul-2011 12:14:49] - Appending VEU to Query
Markets Today: [08-Jul-2011 12:14:49] - Appending VWO to Query
Markets Today: [08-Jul-2011 12:14:49] - Appending BND to Query
Markets Today: [08-Jul-2011 12:14:49] - Appending VGSIX to Query
Markets Today: [08-Jul-2011 12:14:49] - Reloading Data..
Markets Today: [08-Jul-2011 12:14:49] - http://query.yahooapis.com/v1/public/yql?q=select Symbol,Name,LastTradePriceOnly,Change,ChangeinPercent from yahoo.finance.quotes where symbol in ("VTI","VEU","VWO","BND","VGSIX")&env=store://datatables.org/alltableswithkeys
Markets Today: [08-Jul-2011 12:14:49] - Starting Timer..
Markets Today: [08-Jul-2011 12:14:50] - Clearing Data Model
Markets Today: [08-Jul-2011 12:14:50] - Symbol: VTI, Name: Vanguard Total St, LastTraded: 69.56, Change: -0.70, ChangePercent: -1.00%
Markets Today: [08-Jul-2011 12:14:50] - Symbol: VEU, Name: Vanguard FTSE AW, LastTraded: 49.56, Change: -0.73, ChangePercent: -1.45%
Markets Today: [08-Jul-2011 12:14:50] - Symbol: VWO, Name: Vanguard Emerging, LastTraded: 48.78, Change: -0.73, ChangePercent: -1.47%
Markets Today: [08-Jul-2011 12:14:50] - Symbol: BND, Name: Vanguard Total Bo, LastTraded: 81.56, Change: +0.43, ChangePercent: +0.53%
Markets Today: [08-Jul-2011 12:14:50] - Symbol: VGSIX, Name: VANGUARD SPECIALI, LastTraded: 20.89, Change: +0.26, ChangePercent: +1.26%
Markets Today: [08-Jul-2011 12:14:50] - Updated: July 8th, 2011 @ 12:14PM
Markets Today: [08-Jul-2011 12:14:50] - Data Reload Completed..
Markets Today: [08-Jul-2011 12:15:15] - Config window is closed
Markets Today: [08-Jul-2011 12:15:15] - Opening MarketsToday database..
Markets Today: [08-Jul-2011 12:15:15] - UpdateFreqency is 1
Markets Today: [08-Jul-2011 12:15:15] - Opening MarketsToday database..
Markets Today: [08-Jul-2011 12:15:15] - UpdateWeekdaysOnly is 0.0
Markets Today: [08-Jul-2011 12:15:15] - Opening MarketsToday database..
Markets Today: [08-Jul-2011 12:15:15] - UpdateOnSavedNetworksOnly is 0.0
Markets Today: [08-Jul-2011 12:15:15] - Opening MarketsToday database..
Markets Today: [08-Jul-2011 12:15:15] - Fetched 5 rows
Markets Today: [08-Jul-2011 12:15:15] - Appending VTI to Query
Markets Today: [08-Jul-2011 12:15:15] - Appending VEU to Query
Markets Today: [08-Jul-2011 12:15:15] - Appending VWO to Query
Markets Today: [08-Jul-2011 12:15:15] - Appending BND to Query
Markets Today: [08-Jul-2011 12:15:15] - Appending VGSIX to Query
Markets Today: [08-Jul-2011 12:15:15] - Reloading Data..
Markets Today: [08-Jul-2011 12:15:15] - http://query.yahooapis.com/v1/public/yql?q=select Symbol,Name,LastTradePriceOnly,Change,ChangeinPercent from yahoo.finance.quotes where symbol in ("VTI","VEU","VWO","BND","VGSIX")&env=store://datatables.org/alltableswithkeys
Markets Today: [08-Jul-2011 12:15:15] - Starting Timer..
Markets Today: [08-Jul-2011 12:15:15] - Clearing Data Model
Markets Today: [08-Jul-2011 12:15:15] - Symbol: VTI, Name: Vanguard Total St, LastTraded: 69.56, Change: -0.70, ChangePercent: -1.00%
Markets Today: [08-Jul-2011 12:15:15] - Symbol: VEU, Name: Vanguard FTSE AW, LastTraded: 49.56, Change: -0.73, ChangePercent: -1.45%
Markets Today: [08-Jul-2011 12:15:15] - Symbol: VWO, Name: Vanguard Emerging, LastTraded: 48.77, Change: -0.74, ChangePercent: -1.49%
Markets Today: [08-Jul-2011 12:15:15] - Symbol: BND, Name: Vanguard Total Bo, LastTraded: 81.56, Change: +0.43, ChangePercent: +0.53%
Markets Today: [08-Jul-2011 12:15:15] - Symbol: VGSIX, Name: VANGUARD SPECIALI, LastTraded: 20.89, Change: +0.26, ChangePercent: +1.26%
Markets Today: [08-Jul-2011 12:15:15] - Updated: July 8th, 2011 @ 12:15PM
Markets Today: [08-Jul-2011 12:15:15] - Data Reload Completed..
Markets Today: [08-Jul-2011 12:16:01] - Opening MarketsToday database..
Markets Today: [08-Jul-2011 12:16:01] - UpdateFreqency is 1
Markets Today: [08-Jul-2011 12:16:01] - Opening MarketsToday database..
Markets Today: [08-Jul-2011 12:16:01] - UpdateWeekdaysOnly is 0.0
Markets Today: [08-Jul-2011 12:16:01] - Opening MarketsToday database..
Markets Today: [08-Jul-2011 12:16:01] - UpdateOnSavedNetworksOnly is 0.0
Markets Today: [08-Jul-2011 12:16:01] - Opening MarketsToday database..
Markets Today: [08-Jul-2011 12:16:01] - Fetched 5 rows
Markets Today: [08-Jul-2011 12:16:01] - Appending VTI to Query
Markets Today: [08-Jul-2011 12:16:01] - Appending VEU to Query
Markets Today: [08-Jul-2011 12:16:01] - Appending VWO to Query
Markets Today: [08-Jul-2011 12:16:01] - Appending BND to Query
Markets Today: [08-Jul-2011 12:16:01] - Appending VGSIX to Query
Markets Today: [08-Jul-2011 12:16:01] - Reloading Data..
Markets Today: [08-Jul-2011 12:16:01] - http://query.yahooapis.com/v1/public/yql?q=select Symbol,Name,LastTradePriceOnly,Change,ChangeinPercent from yahoo.finance.quotes where symbol in ("VTI","VEU","VWO","BND","VGSIX")&env=store://datatables.org/alltableswithkeys
Markets Today: [08-Jul-2011 12:16:01] - Starting Timer..
Markets Today: [08-Jul-2011 12:16:01] - qml/OfflineStorage
Markets Today: [08-Jul-2011 12:16:02] - Clearing Data Model
Markets Today: [08-Jul-2011 12:16:02] - Symbol: VTI, Name: Vanguard Total St, LastTraded: 69.58, Change: -0.68, ChangePercent: -0.97%
Markets Today: [08-Jul-2011 12:16:02] - Symbol: VEU, Name: Vanguard FTSE AW, LastTraded: 49.59, Change: -0.70, ChangePercent: -1.39%
Markets Today: [08-Jul-2011 12:16:02] - Symbol: VWO, Name: Vanguard Emerging, LastTraded: 48.7965, Change: -0.7135, ChangePercent: -1.44%
Markets Today: [08-Jul-2011 12:16:02] - Symbol: BND, Name: Vanguard Total Bo, LastTraded: 81.56, Change: +0.43, ChangePercent: +0.53%
Markets Today: [08-Jul-2011 12:16:02] - Symbol: VGSIX, Name: VANGUARD SPECIALI, LastTraded: 20.89, Change: +0.26, ChangePercent: +1.26%
Markets Today: [08-Jul-2011 12:16:02] - Updated: July 8th, 2011 @ 12:15PM
Markets Today: [08-Jul-2011 12:16:02] - Data Reload Completed..
Markets Today: [08-Jul-2011 12:17:01] - Allowed to update all days of the week
Markets Today: [08-Jul-2011 12:17:01] - Verifying connection status
Markets Today: [08-Jul-2011 12:17:01] - No active network sessions found, searching for available networks
Markets Today: [08-Jul-2011 12:18:01] - Allowed to update all days of the week
Markets Today: [08-Jul-2011 12:18:01] - Verifying connection status
Markets Today: [08-Jul-2011 12:18:01] - No active network sessions found, searching for available networks
Markets Today: [08-Jul-2011 12:19:01] - Allowed to update all days of the week
Markets Today: [08-Jul-2011 12:19:01] - Verifying connection status
Markets Today: [08-Jul-2011 12:19:01] - No active network sessions found, searching for available networks
Markets Today: [08-Jul-2011 12:20:01] - Allowed to update all days of the week
Markets Today: [08-Jul-2011 12:20:01] - Verifying connection status
Markets Today: [08-Jul-2011 12:20:01] - No active network sessions found, searching for available networks
Markets Today: [08-Jul-2011 12:21:01] - Allowed to update all days of the week
Markets Today: [08-Jul-2011 12:21:01] - Verifying connection status
Markets Today: [08-Jul-2011 12:21:01] - No active network sessions found, searching for available networks
Markets Today: [08-Jul-2011 12:22:01] - Allowed to update all days of the week
Markets Today: [08-Jul-2011 12:22:01] - Verifying connection status
Markets Today: [08-Jul-2011 12:22:01] - No active network sessions found, searching for available networks
Markets Today: [08-Jul-2011 12:23:01] - Allowed to update all days of the week
Markets Today: [08-Jul-2011 12:23:01] - Verifying connection status
Markets Today: [08-Jul-2011 12:23:01] - No active network sessions found, searching for available networks
Markets Today: [08-Jul-2011 12:23:51] - Opening MarketsToday database..
Markets Today: [08-Jul-2011 12:23:51] - UpdateFreqency is 1
Markets Today: [08-Jul-2011 12:23:51] - Opening MarketsToday database..
Markets Today: [08-Jul-2011 12:23:51] - UpdateWeekdaysOnly is 0.0
Markets Today: [08-Jul-2011 12:23:51] - Opening MarketsToday database..
Markets Today: [08-Jul-2011 12:23:51] - UpdateOnSavedNetworksOnly is 0.0
Markets Today: [08-Jul-2011 12:23:51] - Opening MarketsToday database..
Markets Today: [08-Jul-2011 12:23:51] - Fetched 5 rows
Markets Today: [08-Jul-2011 12:23:51] - Appending VTI to Query
Markets Today: [08-Jul-2011 12:23:51] - Appending VEU to Query
Markets Today: [08-Jul-2011 12:23:51] - Appending VWO to Query
Markets Today: [08-Jul-2011 12:23:51] - Appending BND to Query
Markets Today: [08-Jul-2011 12:23:51] - Appending VGSIX to Query
Markets Today: [08-Jul-2011 12:23:51] - Reloading Data..
Markets Today: [08-Jul-2011 12:23:51] - http://query.yahooapis.com/v1/public/yql?q=select Symbol,Name,LastTradePriceOnly,Change,ChangeinPercent from yahoo.finance.quotes where symbol in ("VTI","VEU","VWO","BND","VGSIX")&env=store://datatables.org/alltableswithkeys
Markets Today: [08-Jul-2011 12:23:51] - Starting Timer..
Markets Today: [08-Jul-2011 12:23:51] - qml/OfflineStorage
Markets Today: [08-Jul-2011 12:23:52] - Clearing Data Model
Markets Today: [08-Jul-2011 12:23:52] - Symbol: VTI, Name: Vanguard Total St, LastTraded: 69.6316, Change: -0.6284, ChangePercent: -0.89%
Markets Today: [08-Jul-2011 12:23:52] - Symbol: VEU, Name: Vanguard FTSE AW, LastTraded: 49.63, Change: -0.66, ChangePercent: -1.31%
Markets Today: [08-Jul-2011 12:23:52] - Symbol: VWO, Name: Vanguard Emerging, LastTraded: 48.84, Change: -0.67, ChangePercent: -1.35%
Markets Today: [08-Jul-2011 12:23:52] - Symbol: BND, Name: Vanguard Total Bo, LastTraded: 81.59, Change: +0.46, ChangePercent: +0.57%
Markets Today: [08-Jul-2011 12:23:52] - Symbol: VGSIX, Name: VANGUARD SPECIALI, LastTraded: 20.89, Change: +0.26, ChangePercent: +1.26%
Markets Today: [08-Jul-2011 12:23:52] - Updated: July 8th, 2011 @ 12:23PM
Markets Today: [08-Jul-2011 12:23:52] - Data Reload Completed..
Markets Today: [08-Jul-2011 12:24:51] - Allowed to update all days of the week
Markets Today: [08-Jul-2011 12:24:51] - Verifying connection status
Markets Today: [08-Jul-2011 12:24:51] - No active network sessions found, searching for available networks
Markets Today: [08-Jul-2011 12:25:51] - Allowed to update all days of the week
Markets Today: [08-Jul-2011 12:25:51] - Verifying connection status
Markets Today: [08-Jul-2011 12:25:51] - No active network sessions found, searching for available networks
Markets Today: [08-Jul-2011 12:26:03] - Opening MarketsToday database..
Markets Today: [08-Jul-2011 12:26:03] - Opening MarketsToday database..
Markets Today: [08-Jul-2011 12:26:03] - Fetched 5 rows
Markets Today: [08-Jul-2011 12:26:03] - Appending VTI to ListModel
Markets Today: [08-Jul-2011 12:26:03] - Appending VEU to ListModel
Markets Today: [08-Jul-2011 12:26:03] - Appending VWO to ListModel
Markets Today: [08-Jul-2011 12:26:03] - Appending BND to ListModel
Markets Today: [08-Jul-2011 12:26:03] - Appending VGSIX to ListModel
Markets Today: [08-Jul-2011 12:26:03] - ListModel count is  5
Markets Today: [08-Jul-2011 12:26:05] - Opening MarketsToday database..
Markets Today: [08-Jul-2011 12:26:05] - Opening MarketsToday database..
Markets Today: [08-Jul-2011 12:26:05] - UpdateFreqency is 1
Markets Today: [08-Jul-2011 12:26:05] - Opening MarketsToday database..
Markets Today: [08-Jul-2011 12:26:05] - UpdateWeekdaysOnly is 0.0
Markets Today: [08-Jul-2011 12:26:05] - Opening MarketsToday database..
Markets Today: [08-Jul-2011 12:26:05] - UpdateOnSavedNetworksOnly is 0.0
Markets Today: [08-Jul-2011 12:26:06] - Saving settings
Markets Today: [08-Jul-2011 12:26:06] - Opening MarketsToday database..
Markets Today: [08-Jul-2011 12:26:06] - Updated UpdateFreqency to 1
Markets Today: [08-Jul-2011 12:26:06] - Opening MarketsToday database..
Markets Today: [08-Jul-2011 12:26:06] - Updated UpdateWeekdaysOnly to 0
Markets Today: [08-Jul-2011 12:26:07] - Opening MarketsToday database..
Markets Today: [08-Jul-2011 12:26:07] - Updated UpdateOnSavedNetworksOnly to 0
Markets Today: [08-Jul-2011 12:26:07] - Config window is closed
Markets Today: [08-Jul-2011 12:26:07] - Opening MarketsToday database..
Markets Today: [08-Jul-2011 12:26:07] - UpdateFreqency is 1
Markets Today: [08-Jul-2011 12:26:07] - Opening MarketsToday database..
Markets Today: [08-Jul-2011 12:26:07] - UpdateWeekdaysOnly is 0.0
Markets Today: [08-Jul-2011 12:26:07] - Opening MarketsToday database..
Markets Today: [08-Jul-2011 12:26:07] - UpdateOnSavedNetworksOnly is 0.0
Markets Today: [08-Jul-2011 12:26:07] - Opening MarketsToday database..
Markets Today: [08-Jul-2011 12:26:07] - Fetched 5 rows
Markets Today: [08-Jul-2011 12:26:07] - Appending VTI to Query
Markets Today: [08-Jul-2011 12:26:07] - Appending VEU to Query
Markets Today: [08-Jul-2011 12:26:07] - Appending VWO to Query
Markets Today: [08-Jul-2011 12:26:07] - Appending BND to Query
Markets Today: [08-Jul-2011 12:26:07] - Appending VGSIX to Query
Markets Today: [08-Jul-2011 12:26:07] - Reloading Data..
Markets Today: [08-Jul-2011 12:26:07] - http://query.yahooapis.com/v1/public/yql?q=select Symbol,Name,LastTradePriceOnly,Change,ChangeinPercent from yahoo.finance.quotes where symbol in ("VTI","VEU","VWO","BND","VGSIX")&env=store://datatables.org/alltableswithkeys
Markets Today: [08-Jul-2011 12:26:07] - Starting Timer..
Markets Today: [08-Jul-2011 12:26:08] - Clearing Data Model
Markets Today: [08-Jul-2011 12:26:08] - Symbol: VTI, Name: Vanguard Total St, LastTraded: 69.61, Change: -0.65, ChangePercent: -0.93%
Markets Today: [08-Jul-2011 12:26:08] - Symbol: VEU, Name: Vanguard FTSE AW, LastTraded: 49.60, Change: -0.69, ChangePercent: -1.37%
Markets Today: [08-Jul-2011 12:26:08] - Symbol: VWO, Name: Vanguard Emerging, LastTraded: 48.81, Change: -0.70, ChangePercent: -1.41%
Markets Today: [08-Jul-2011 12:26:08] - Symbol: BND, Name: Vanguard Total Bo, LastTraded: 81.6062, Change: +0.4762, ChangePercent: +0.59%
Markets Today: [08-Jul-2011 12:26:08] - Symbol: VGSIX, Name: VANGUARD SPECIALI, LastTraded: 20.89, Change: +0.26, ChangePercent: +1.26%
Markets Today: [08-Jul-2011 12:26:08] - Updated: July 8th, 2011 @ 12:25PM
Markets Today: [08-Jul-2011 12:26:08] - Data Reload Completed..
Markets Today: [08-Jul-2011 12:27:07] - Allowed to update all days of the week
Markets Today: [08-Jul-2011 12:27:07] - Verifying connection status
Markets Today: [08-Jul-2011 12:27:07] - No active network sessions found, searching for available networks
Markets Today: [08-Jul-2011 12:27:24] - Opening MarketsToday database..
Markets Today: [08-Jul-2011 12:27:24] - Opening MarketsToday database..
Markets Today: [08-Jul-2011 12:27:24] - UpdateFreqency is 1
Markets Today: [08-Jul-2011 12:27:24] - Opening MarketsToday database..
Markets Today: [08-Jul-2011 12:27:24] - UpdateWeekdaysOnly is 0.0
Markets Today: [08-Jul-2011 12:27:24] - Opening MarketsToday database..
Markets Today: [08-Jul-2011 12:27:24] - UpdateOnSavedNetworksOnly is 0.0
Markets Today: [08-Jul-2011 12:28:07] - Allowed to update all days of the week
Markets Today: [08-Jul-2011 12:28:07] - Verifying connection status
Markets Today: [08-Jul-2011 12:28:07] - No active network sessions found, searching for available networks
Markets Today: [08-Jul-2011 12:29:07] - Allowed to update all days of the week
Markets Today: [08-Jul-2011 12:29:07] - Verifying connection status
Markets Today: [08-Jul-2011 12:29:07] - No active network sessions found, searching for available networks
Markets Today: [08-Jul-2011 12:30:07] - Allowed to update all days of the week
Markets Today: [08-Jul-2011 12:30:07] - Verifying connection status
Markets Today: [08-Jul-2011 12:30:07] - No active network sessions found, searching for available networks
Markets Today: [08-Jul-2011 12:31:07] - Allowed to update all days of the week
Markets Today: [08-Jul-2011 12:31:07] - Verifying connection status
Markets Today: [08-Jul-2011 12:31:07] - No active network sessions found, searching for available networks
Markets Today: [08-Jul-2011 12:32:07] - Allowed to update all days of the week
Markets Today: [08-Jul-2011 12:32:07] - Verifying connection status
Markets Today: [08-Jul-2011 12:32:07] - No active network sessions found, searching for available networks
Markets Today: [08-Jul-2011 12:33:07] - Allowed to update all days of the week
Markets Today: [08-Jul-2011 12:33:07] - Verifying connection status
Markets Today: [08-Jul-2011 12:33:07] - No active network sessions found, searching for available networks
Markets Today: [08-Jul-2011 12:34:07] - Allowed to update all days of the week
Markets Today: [08-Jul-2011 12:34:07] - Verifying connection status
Markets Today: [08-Jul-2011 12:34:07] - No active network sessions found, searching for available networks
Markets Today: [08-Jul-2011 12:35:07] - Allowed to update all days of the week
Markets Today: [08-Jul-2011 12:35:07] - Verifying connection status
Markets Today: [08-Jul-2011 12:35:07] - No active network sessions found, searching for available networks
Markets Today: [08-Jul-2011 12:36:07] - Allowed to update all days of the week
Markets Today: [08-Jul-2011 12:36:07] - Verifying connection status
Markets Today: [08-Jul-2011 12:36:07] - No active network sessions found, searching for available networks
Markets Today: [08-Jul-2011 12:37:07] - Allowed to update all days of the week
Markets Today: [08-Jul-2011 12:37:07] - Verifying connection status
Markets Today: [08-Jul-2011 12:37:07] - No active network sessions found, searching for available networks
Markets Today: [08-Jul-2011 12:38:07] - Allowed to update all days of the week
Markets Today: [08-Jul-2011 12:38:07] - Verifying connection status
Markets Today: [08-Jul-2011 12:38:07] - No active network sessions found, searching for available networks
Markets Today: [08-Jul-2011 12:38:35] - Saving settings
Markets Today: [08-Jul-2011 12:38:35] - Opening MarketsToday database..
Markets Today: [08-Jul-2011 12:38:35] - Updated UpdateFreqency to 1
Markets Today: [08-Jul-2011 12:38:35] - Opening MarketsToday database..
Markets Today: [08-Jul-2011 12:38:35] - Updated UpdateWeekdaysOnly to 0
Markets Today: [08-Jul-2011 12:38:35] - Opening MarketsToday database..
Markets Today: [08-Jul-2011 12:38:35] - Updated UpdateOnSavedNetworksOnly to 0
Markets Today: [08-Jul-2011 12:38:36] - Config window is closed
Markets Today: [08-Jul-2011 12:38:36] - Opening MarketsToday database..
Markets Today: [08-Jul-2011 12:38:36] - UpdateFreqency is 1
Markets Today: [08-Jul-2011 12:38:36] - Opening MarketsToday database..
Markets Today: [08-Jul-2011 12:38:36] - UpdateWeekdaysOnly is 0.0
Markets Today: [08-Jul-2011 12:38:36] - Opening MarketsToday database..
Markets Today: [08-Jul-2011 12:38:36] - UpdateOnSavedNetworksOnly is 0.0
Markets Today: [08-Jul-2011 12:38:36] - Opening MarketsToday database..
Markets Today: [08-Jul-2011 12:38:36] - Fetched 5 rows
Markets Today: [08-Jul-2011 12:38:36] - Appending VTI to Query
Markets Today: [08-Jul-2011 12:38:36] - Appending VEU to Query
Markets Today: [08-Jul-2011 12:38:36] - Appending VWO to Query
Markets Today: [08-Jul-2011 12:38:36] - Appending BND to Query
Markets Today: [08-Jul-2011 12:38:36] - Appending VGSIX to Query
Markets Today: [08-Jul-2011 12:38:36] - Reloading Data..
Markets Today: [08-Jul-2011 12:38:36] - http://query.yahooapis.com/v1/public/yql?q=select Symbol,Name,LastTradePriceOnly,Change,ChangeinPercent from yahoo.finance.quotes where symbol in ("VTI","VEU","VWO","BND","VGSIX")&env=store://datatables.org/alltableswithkeys
Markets Today: [08-Jul-2011 12:38:36] - Starting Timer..
Markets Today: [08-Jul-2011 12:38:37] - Clearing Data Model
Markets Today: [08-Jul-2011 12:38:37] - Symbol: VTI, Name: Vanguard Total St, LastTraded: 69.52, Change: -0.74, ChangePercent: -1.05%
Markets Today: [08-Jul-2011 12:38:37] - Symbol: VEU, Name: Vanguard FTSE AW, LastTraded: 49.55, Change: -0.74, ChangePercent: -1.47%
Markets Today: [08-Jul-2011 12:38:37] - Symbol: VWO, Name: Vanguard Emerging, LastTraded: 48.76, Change: -0.75, ChangePercent: -1.51%
Markets Today: [08-Jul-2011 12:38:37] - Symbol: BND, Name: Vanguard Total Bo, LastTraded: 81.61, Change: +0.48, ChangePercent: +0.59%
Markets Today: [08-Jul-2011 12:38:37] - Symbol: VGSIX, Name: VANGUARD SPECIALI, LastTraded: 20.89, Change: +0.26, ChangePercent: +1.26%
Markets Today: [08-Jul-2011 12:38:37] - Updated: July 8th, 2011 @ 12:38PM
Markets Today: [08-Jul-2011 12:38:37] - Data Reload Completed..
